
===================
Current Board: 
===================
   7 6 5 4 3 2 1 0
-------------------
1| 0 W 0 W 0 W 0 W
2| W 0 W 0 W 0 W 0
3| 0 W 0 W 0 W 0 W
4| 0 0 0 0 0 0 0 0
5| 0 0 0 0 0 B 0 0
6| B 0 B 0 B 0 B 0
7| 0 B 0 B 0 B 0 B
8| B 0 B 0 B 0 B 0
===================
Score:   B:13 W:12
===================


===================
Current Board: 
===================
   7 6 5 4 3 2 1 0
-------------------
1| 0 W 0 W 0 W 0 W
2| W 0 W 0 W 0 W 0
3| 0 W 0 W 0 W 0 W
4| 0 0 0 0 W 0 0 0
5| 0 0 0 0 0 B 0 0
6| B 0 B 0 B 0 B 0
7| 0 B 0 B 0 B 0 B
8| B 0 B 0 B 0 B 0
===================
Score:   B:13 W:13
===================


===================
Current Board: 
===================
   7 6 5 4 3 2 1 0
-------------------
1| 0 W 0 W 0 W 0 W
2| W 0 W 0 W 0 W 0
3| 0 W 0 W 0 W 0 W
4| 0 0 0 0 W 0 0 0
5| 0 0 0 B 0 B 0 0
6| B 0 B 0 B 0 B 0
7| 0 B 0 B 0 B 0 B
8| B 0 B 0 B 0 B 0
===================
Score:   B:14 W:13
===================

